Arguments: 
  /Users/thejoker/.nvm/versions/node/v9.0.0/bin/node /usr/local/bin/yarn publish

PATH: 
  /usr/local/opt/openssl/bin:/Users/thejoker/.nvm/versions/node/v9.0.0/bin:/usr/local/opt/postgresql@9.6/bin:/usr/local/bin:/usr/bin:/bin:/usr/sbin:/sbin:/usr/local/share/dotnet:/Library/Frameworks/Mono.framework/Versions/Current/Commands:/Applications/Xamarin Workbooks.app/Contents/SharedSupport/path-bin:/Users/thejoker/.rvm/bin:/Users/thejoker/.rvm/bin

Yarn version: 
  1.5.1

Node version: 
  9.0.0

Platform: 
  darwin x64

npm manifest: 
  {
    "name": "@dpack/api",
    "version": "0.1.9",
    "description": "dPack API Library That Works Directly with dBrowser Core.",
    "contributors": [
      "Jared Rice Sr. <jared@dwebs.io>",
      "Distributed Webs Project, LLC. <labs@distributedwebs.org>"
    ],
    "license": "MIT",
    "main": "index.js",
    "scripts": {
      "prepublish": "npm run babel",
      "babel": "rm -rf ./dist && babel lib --out-dir dist --copy-files",
      "test": "ava -s test/*.test.js"
    },
    "dependencies": {
      "@dbrowser/errors": "*",
      "@dbrowser/vfswrapper": "*",
      "@dwcore/channel": "*",
      "@dwebs/codec": "*",
      "anymatch": "^1.3.2",
      "call-me-maybe": "^1.0.1",
      "diff-file-tree": "^2.1.1",
      "emit-stream": "^0.1.2",
      "fs-extra": "^4.0.3"
    },
    "devDependencies": {
      "@dbrowser/vfswrapper": "*",
      "@ddrive/core": "*",
      "ava": "^0.18.1",
      "babel-cli": "^6.26.0",
      "babel-polyfill": "^6.26.0",
      "babel-preset-env": "^1.6.1"
    },
    "peerDependencies": {
      "stream-browserify": "*"
    },
    "publishConfig": {
      "access": "public"
    }
  }

yarn manifest: 
  No manifest

Lockfile: 
  No lockfile

Trace: 
  Error: https://registry.npmjs.org/@dpack%2fapi: You must be logged in to publish packages.
      at Request.params.callback [as _callback] (/usr/local/lib/node_modules/yarn/lib/cli.js:65019:18)
      at Request.self.callback (/usr/local/lib/node_modules/yarn/lib/cli.js:132430:22)
      at emitTwo (events.js:135:13)
      at Request.emit (events.js:224:7)
      at Request.<anonymous> (/usr/local/lib/node_modules/yarn/lib/cli.js:133413:10)
      at emitOne (events.js:125:13)
      at Request.emit (events.js:221:7)
      at IncomingMessage.<anonymous> (/usr/local/lib/node_modules/yarn/lib/cli.js:133333:12)
      at Object.onceWrapper (events.js:322:30)
      at emitNone (events.js:120:20)
